\BOOKMARK [1][-]{section.1}{Introduction}{}% 1
\BOOKMARK [2][-]{subsection.1.1}{Loading the Package}{section.1}% 2
\BOOKMARK [2][-]{subsection.1.2}{Libraries}{section.1}% 3
\BOOKMARK [1][-]{section.2}{Macros for Box Creation}{}% 4
\BOOKMARK [1][-]{section.3}{Option Keys}{}% 5
\BOOKMARK [2][-]{subsection.3.1}{Title}{section.3}% 6
\BOOKMARK [2][-]{subsection.3.2}{Lower Part}{section.3}% 7
\BOOKMARK [2][-]{subsection.3.3}{Colors and Fonts}{section.3}% 8
\BOOKMARK [2][-]{subsection.3.4}{Geometry}{section.3}% 9
\BOOKMARK [2][-]{subsection.3.5}{Height Control}{section.3}% 10
\BOOKMARK [2][-]{subsection.3.6}{Floating Objects}{section.3}% 11
\BOOKMARK [2][-]{subsection.3.7}{Embedding into the Surroundings}{section.3}% 12
\BOOKMARK [2][-]{subsection.3.8}{Bounding Box}{section.3}% 13
\BOOKMARK [2][-]{subsection.3.9}{Files}{section.3}% 14
\BOOKMARK [2][-]{subsection.3.10}{Skins}{section.3}% 15
\BOOKMARK [1][-]{section.4}{Saving and Loading of Verbatim Texts}{}% 16
\BOOKMARK [1][-]{section.5}{Library 'listings'}{}% 17
\BOOKMARK [2][-]{subsection.5.1}{Macros of the Library}{section.5}% 18
\BOOKMARK [2][-]{subsection.5.2}{Option Keys of the Library}{section.5}% 19
\BOOKMARK [2][-]{subsection.5.3}{Creation of LaTeX Tutorials}{section.5}% 20
\BOOKMARK [2][-]{subsection.5.4}{Creation of LaTeX Exercises}{section.5}% 21
